<?xml version="1.0" encoding="UTF-8"?>
<!-- Generated by org.testng.reporters.JUnitReportReporter -->
<testsuite hostname="DESKTOP-ORN1KTG" failures="0" tests="1" name="com.testRunnersTestNG.TestNGTestRunner" time="55.530" errors="0" timestamp="2023-09-04T12:43:45 IST" skipped="0">
  <testcase classname="com.testRunnersTestNG.TestNGTestRunner" name="runScenario" time="55.530"/>
  <system-out/>
</testsuite> <!-- com.testRunnersTestNG.TestNGTestRunner -->
